<?xml version="1.0" encoding="UTF-8" ?>
<testsuite tests="26" failures="4" name="step_definitions.RunCukesTest" time="1.346" errors="0" skipped="0">
  <properties>
[...]
</properties>
  <testcase classname="| Sydney 2000 | Marrickville Service Centre |" name="Given User already open website Service NSW" time="0.002"/>
  <testcase classname="| Sydney 2000 | Marrickville Service Centre |" name="When User click button Find Location" time="0"/>
  <testcase classname="| Sydney 2000 | Marrickville Service Centre |" name="Then System should displays Find Location page" time="0"/>
  <testcase classname="| Sydney 2000 | Marrickville Service Centre |" name="And User input &quot;Sydney 2000&quot; in text search" time="0"/>
  <testcase classname="| Sydney 2000 | Marrickville Service Centre |" name="And User click search location button" time="0"/>
  <testcase classname="| Sydney 2000 | Marrickville Service Centre |" name="And System should displays location results" time="0"/>
  <testcase classname="| Sydney 2000 | Marrickville Service Centre |" name="And It should use service centre named as &quot;Marrickville Service Centre&quot;" time="0.003">
    <failure message="expected:&lt;[Marrickville] Service Centre&gt; but was:&lt;[Wynyard] Service Centre&gt;" type="org.junit.ComparisonFailure">org.junit.ComparisonFailure: expected:&lt;[Marrickville] Service Centre&gt; but was:&lt;[Wynyard] Service Centre&gt;
	at org.junit.Assert.assertEquals(Assert.java:117)
	at org.junit.Assert.assertEquals(Assert.java:146)
	at step_definitions.SearchLocationSteps.itShouldUseServiceCentreNamedAs(SearchLocationSteps.java:62)
	at ✽.And It should use service centre named as &quot;Marrickville Service Centre&quot;(features/SearchLocations.feature:12)
</failure>
  </testcase>
  <testcase classname="| Sydney 2000 | Marrickville Service Centre |" name="| Sydney 2000 | Marrickville Service Centre |" time="0.004">
    <failure message="expected:&lt;[Marrickville] Service Centre&gt; but was:&lt;[Wynyard] Service Centre&gt;" type="org.junit.ComparisonFailure">org.junit.ComparisonFailure: expected:&lt;[Marrickville] Service Centre&gt; but was:&lt;[Wynyard] Service Centre&gt;
	at org.junit.Assert.assertEquals(Assert.java:117)
	at org.junit.Assert.assertEquals(Assert.java:146)
	at step_definitions.SearchLocationSteps.itShouldUseServiceCentreNamedAs(SearchLocationSteps.java:62)
	at ✽.And It should use service centre named as &quot;Marrickville Service Centre&quot;(features/SearchLocations.feature:12)
</failure>
  </testcase>
  <testcase classname="| Sydney Domestic Airport 2020 | Rockdale Service Centre |" name="Given User already open website Service NSW" time="0"/>
  <testcase classname="| Sydney Domestic Airport 2020 | Rockdale Service Centre |" name="When User click button Find Location" time="0"/>
  <testcase classname="| Sydney Domestic Airport 2020 | Rockdale Service Centre |" name="Then System should displays Find Location page" time="0"/>
  <testcase classname="| Sydney Domestic Airport 2020 | Rockdale Service Centre |" name="And User input &quot;Sydney Domestic Airport 2020&quot; in text search" time="0"/>
  <testcase classname="| Sydney Domestic Airport 2020 | Rockdale Service Centre |" name="And User click search location button" time="0"/>
  <testcase classname="| Sydney Domestic Airport 2020 | Rockdale Service Centre |" name="And System should displays location results" time="0"/>
  <testcase classname="| Sydney Domestic Airport 2020 | Rockdale Service Centre |" name="And It should use service centre named as &quot;Rockdale Service Centre&quot;" time="0.001">
    <failure message="expected:&lt;[Rockdale] Service Centre&gt; but was:&lt;[Wynyard] Service Centre&gt;" type="org.junit.ComparisonFailure">org.junit.ComparisonFailure: expected:&lt;[Rockdale] Service Centre&gt; but was:&lt;[Wynyard] Service Centre&gt;
	at org.junit.Assert.assertEquals(Assert.java:117)
	at org.junit.Assert.assertEquals(Assert.java:146)
	at step_definitions.SearchLocationSteps.itShouldUseServiceCentreNamedAs(SearchLocationSteps.java:62)
	at ✽.And It should use service centre named as &quot;Rockdale Service Centre&quot;(features/SearchLocations.feature:12)
</failure>
  </testcase>
  <testcase classname="| Sydney Domestic Airport 2020 | Rockdale Service Centre |" name="| Sydney Domestic Airport 2020 | Rockdale Service Centre |" time="0.001">
    <failure message="expected:&lt;[Rockdale] Service Centre&gt; but was:&lt;[Wynyard] Service Centre&gt;" type="org.junit.ComparisonFailure">org.junit.ComparisonFailure: expected:&lt;[Rockdale] Service Centre&gt; but was:&lt;[Wynyard] Service Centre&gt;
	at org.junit.Assert.assertEquals(Assert.java:117)
	at org.junit.Assert.assertEquals(Assert.java:146)
	at step_definitions.SearchLocationSteps.itShouldUseServiceCentreNamedAs(SearchLocationSteps.java:62)
	at ✽.And It should use service centre named as &quot;Rockdale Service Centre&quot;(features/SearchLocations.feature:12)
</failure>
  </testcase>
  <testcase classname="Scenario: Normal search in large search bar" name="Given User already open website Service NSW" time="0"/>
  <testcase classname="Scenario: Normal search in large search bar" name="When User input &quot;Apply for a number plate&quot; in large search bar" time="0"/>
  <testcase classname="Scenario: Normal search in large search bar" name="And User click primary search button" time="0"/>
  <testcase classname="Scenario: Normal search in large search bar" name="Then System should displays search results" time="0"/>
  <testcase classname="Scenario: Normal search in large search bar" name="Scenario: Normal search in large search bar" time="0.662"/>
  <testcase classname="Scenario: Normal search in top search bar" name="Given User already open website Service NSW" time="0"/>
  <testcase classname="Scenario: Normal search in top search bar" name="When User input &quot;Apply for a number plate&quot; in top search bar" time="0"/>
  <testcase classname="Scenario: Normal search in top search bar" name="And User click top search button" time="0"/>
  <testcase classname="Scenario: Normal search in top search bar" name="Then System should displays search results" time="0"/>
  <testcase classname="Scenario: Normal search in top search bar" name="Scenario: Normal search in top search bar" time="0.673"/>
</testsuite>